Using pre-set license
Built from '2020.2/staging' branch; Version is '2020.2.7f1 (c53830e277f1) revision 12924976'; Using compiler version '192528614'; Build Type 'Release'
OS: 'Windows 10 Pro; OS build 19043.1165; Version 2009; 64bit' Language: 'en' Physical Memory: 16304 MB
BatchMode: 1, IsHumanControllingUs: 0, StartBugReporterOnCrash: 0, Is64bit: 1, IsPro: 0

 COMMAND LINE ARGUMENTS:
C:\Program Files\Unity\Editor\Unity.exe
-adb2
-batchMode
-noUpm
-name
AssetImportWorker0
-projectPath
D:/My Project/Unity Project/Soldier-All/Soldier
-logFile
Logs/AssetImportWorker0.log
-srvPort
11455
Successfully changed project path to: D:/My Project/Unity Project/Soldier-All/Soldier
D:/My Project/Unity Project/Soldier-All/Soldier
Using Asset Import Pipeline V2.
Refreshing native plugins compatible for Editor in 44.87 ms, found 2 plugins.
Preloading 0 native plugins for Editor in 0.00 ms.
Initialize engine version: 2020.2.7f1 (c53830e277f1)
[Subsystems] Discovering subsystems at path C:/Program Files/Unity/Editor/Data/Resources/UnitySubsystems
[Subsystems] Discovering subsystems at path D:/My Project/Unity Project/Soldier-All/Soldier/Assets
GfxDevice: creating device client; threaded=0
Direct3D:
    Version:  Direct3D 11.0 [level 11.0]
    Renderer: NVIDIA GeForce GTX 850M (ID=0x1391)
    Vendor:   
    VRAM:     2019 MB
    Driver:   22.21.13.8205
Initialize mono
Mono path[0] = 'C:/Program Files/Unity/Editor/Data/Managed'
Mono path[1] = 'C:/Program Files/Unity/Editor/Data/MonoBleedingEdge/lib/mono/unityjit'
Mono config path = 'C:/Program Files/Unity/Editor/Data/MonoBleedingEdge/etc'
Using monoOptions --debugger-agent=transport=dt_socket,embedding=1,server=y,suspend=n,address=127.0.0.1:56660
Begin MonoManager ReloadAssembly
Registering precompiled unity dll's ...
Register platform support module: C:/Program Files/Unity/Editor/Data/PlaybackEngines/WindowsStandaloneSupport/UnityEditor.WindowsStandalone.Extensions.dll
Registered in 0.002007 seconds.
Native extension for WindowsStandalone target not found
Refreshing native plugins compatible for Editor in 42.06 ms, found 2 plugins.
Preloading 0 native plugins for Editor in 0.00 ms.
Invoked RoslynAnalysisRunner static constructor.
RoslynAnalysisRunner will not be running.
RoslynAnalysisRunner has terminated.
Mono: successfully reloaded assembly
- Completed reload, in  1.780 seconds
Platform modules already initialized, skipping
Registering precompiled user dll's ...
Registered in 0.002459 seconds.
Begin MonoManager ReloadAssembly
Native extension for WindowsStandalone target not found
Refreshing native plugins compatible for Editor in 0.51 ms, found 2 plugins.
Preloading 0 native plugins for Editor in 0.00 ms.
Invoked RoslynAnalysisRunner static constructor.
RoslynAnalysisRunner will not be running.
RoslynAnalysisRunner has terminated.
Mono: successfully reloaded assembly
- Completed reload, in  0.992 seconds
Platform modules already initialized, skipping
========================================================================
Worker process is ready to serve import requests
Launched and connected shader compiler UnityShaderCompiler.exe after 0.04 seconds
Refreshing native plugins compatible for Editor in 0.53 ms, found 2 plugins.
Preloading 0 native plugins for Editor in 0.00 ms.
Unloading 1933 Unused Serialized files (Serialized files now loaded: 0)
System memory in use before: 102.7 MB.
System memory in use after: 102.7 MB.

Unloading 30 unused Assets to reduce memory usage. Loaded Objects now: 2382.
Total: 2.706000 ms (FindLiveObjects: 0.287600 ms CreateObjectMapping: 0.114400 ms MarkObjects: 2.126200 ms  DeleteObjects: 0.176900 ms)

========================================================================
Received Import Request.
  path: Assets/Picture/Logo.png
  artifactKey: Guid(e7dfab638d79bc347bf7999ee2c814ae) Importer(815301076,1909f56bfc062723c751e8b465ee728b)
Start importing Assets/Picture/Logo.png using Guid(e7dfab638d79bc347bf7999ee2c814ae) Importer(815301076,1909f56bfc062723c751e8b465ee728b)  -> (artifact id: 'ce9f0d83a69ca629f8c9f04e069acd07') in 0.151127 seconds
  Import took 0.158085 seconds .

========================================================================
Received Import Request.
  Time since last request: 4.658451 seconds.
  path: Assets/Picture/Logo.png
  artifactKey: Guid(e7dfab638d79bc347bf7999ee2c814ae) Importer(815301076,1909f56bfc062723c751e8b465ee728b)
Start importing Assets/Picture/Logo.png using Guid(e7dfab638d79bc347bf7999ee2c814ae) Importer(815301076,1909f56bfc062723c751e8b465ee728b)  -> (artifact id: 'ce9f0d83a69ca629f8c9f04e069acd07') in 0.037372 seconds
  Import took 0.046722 seconds .

AssetImportWorkerClient::OnTransportError - code=2 error=End of file
